<?xml version="1.0" encoding="UTF-8"?>
<!-- Generated by org.testng.reporters.JUnitReportReporter -->
<testsuite hostname="Swatis-MacBook-Pro.local" failures="0" tests="1" name="Test.ZerodhaForgotUserIDPassTest" time="17.780" errors="0" timestamp="2022-06-08T23:15:36 IST" skipped="0">
  <testcase classname="Test.ZerodhaForgotUserIDPassTest" name="ForgotuserIDPass" time="17.780"/>
  <system-out/>
</testsuite> <!-- Test.ZerodhaForgotUserIDPassTest -->
