<?xml version="1.0" encoding="UTF-8"?>
<!-- Generated by org.testng.reporters.JUnitReportReporter -->
<testsuite hostname="Swatis-MacBook-Pro.local" failures="0" tests="1" name="Test.ZerodhaSignUpPageTest" time="7.751" errors="0" timestamp="2022-06-12T00:11:51 IST" skipped="0">
  <testcase classname="Test.ZerodhaSignUpPageTest" name="SignUp" time="7.751"/>
  <system-out/>
</testsuite> <!-- Test.ZerodhaSignUpPageTest -->
