<?xml version="1.0" encoding="UTF-8"?>
<!-- Generated by org.testng.reporters.JUnitReportReporter -->
<testsuite hostname="Swatis-MacBook-Pro.local" failures="0" tests="4" name="Test.ZerodhaLoginPageTest" time="19.464" errors="0" timestamp="2022-06-19T21:36:58 IST" skipped="0">
  <testcase classname="Test.ZerodhaLoginPageTest" name="forgotPassword" time="4.002"/>
  <system-out/>
  <testcase classname="Test.ZerodhaLoginPageTest" name="loginWithoutDataTest" time="3.536"/>
  <system-out/>
  <testcase classname="Test.ZerodhaLoginPageTest" name="loginWithValidCredentials" time="7.015"/>
  <system-out/>
  <testcase classname="Test.ZerodhaLoginPageTest" name="signUp" time="4.911"/>
  <system-out/>
</testsuite> <!-- Test.ZerodhaLoginPageTest -->
